-------------------------------------
User                 Total 
-------------------------------------
Amanda Padilla       91417 
Billy Hart           87213 
Carlos McLaughlin    82906 
Cynthia Diaz         80192 
Dennis Reynolds      98818 
Donald Anderson      91941 
Evelyn Gutierrez     94448 
Georgie Brewer       80909 
Hettie Conner        92125 
Jon Huff             91173 
Logan Lopez          87002 
Madge Reese          82165 
Manuel Cross         87866 
Mary Graham          80583 
Nicholas Marshall    98701 
Olga Benson          93425 
Phoebe Hubbard       87569 
Rodney Jennings      95449 
Sophia Lamb          97798 
Stephen Reed         80484 
Tillie Ferguson      96789 
